This is pdfTeX, Version 3.141592653-2.6-1.40.25 (MiKTeX 24.1) (preloaded format=pdflatex 2024.3.10)  1 APR 2024 11:33
entering extended mode
 restricted \write18 enabled.
 file:line:error style messages enabled.
 %&-line parsing enabled.
**"c:/Users/Diego/OneDrive - Universidad Rey Juan Carlos/Documentos/GIA_URJC/Curso 2023-24/G.-IA/G.-IA/Curso_2/Cuatri_2/SSOO/Practicas/Practica_1/Procedimento.tex"
(c:/Users/Diego/OneDrive - Universidad Rey Juan Carlos/Documentos/GIA_URJC/Curso 2023-24/G.-IA/G.-IA/Curso_2/Cuatri_2/SSOO/Practicas/Practica_1/Procedimento.tex
LaTeX2e <2023-11-01> patch level 1
L3 programming layer <2024-01-04>
(C:\Users\Diego\AppData\Local\Programs\MiKTeX\tex/latex/base\article.cls
Document Class: article 2023/05/17 v1.4n Standard LaTeX document class
(C:\Users\Diego\AppData\Local\Programs\MiKTeX\tex/latex/base\size10.clo
File: size10.clo 2023/05/17 v1.4n Standard LaTeX file (size option)
)
\c@part=\count187
\c@section=\count188
\c@subsection=\count189
\c@subsubsection=\count190
\c@paragraph=\count191
\c@subparagraph=\count192
\c@figure=\count193
\c@table=\count194
\abovecaptionskip=\skip48
\belowcaptionskip=\skip49
\bibindent=\dimen140
) (C:\Users\Diego\AppData\Local\Programs\MiKTeX\tex/latex/graphics\graphicx.sty
Package: graphicx 2021/09/16 v1.2d Enhanced LaTeX Graphics (DPC,SPQR)
 (C:\Users\Diego\AppData\Local\Programs\MiKTeX\tex/latex/graphics\keyval.sty
Package: keyval 2022/05/29 v1.15 key=value parser (DPC)
\KV@toks@=\toks17
) (C:\Users\Diego\AppData\Local\Programs\MiKTeX\tex/latex/graphics\graphics.sty
Package: graphics 2022/03/10 v1.4e Standard LaTeX Graphics (DPC,SPQR)
 (C:\Users\Diego\AppData\Local\Programs\MiKTeX\tex/latex/graphics\trig.sty
Package: trig 2021/08/11 v1.11 sin cos tan (DPC)
) (C:\Users\Diego\AppData\Local\Programs\MiKTeX\tex/latex/graphics-cfg\graphics.cfg
File: graphics.cfg 2016/06/04 v1.11 sample graphics configuration
)
Package graphics Info: Driver file: pdftex.def on input line 107.
 (C:\Users\Diego\AppData\Local\Programs\MiKTeX\tex/latex/graphics-def\pdftex.def
File: pdftex.def 2022/09/22 v1.2b Graphics/color driver for pdftex
))
\Gin@req@height=\dimen141
\Gin@req@width=\dimen142
) (C:\Users\Diego\AppData\Local\Programs\MiKTeX\tex/latex/listings\listings.sty
\lst@mode=\count195
\lst@gtempboxa=\box51
\lst@token=\toks18
\lst@length=\count196
\lst@currlwidth=\dimen143
\lst@column=\count197
\lst@pos=\count198
\lst@lostspace=\dimen144
\lst@width=\dimen145
\lst@newlines=\count199
\lst@lineno=\count266
\lst@maxwidth=\dimen146
 (C:\Users\Diego\AppData\Local\Programs\MiKTeX\tex/latex/listings\lstmisc.sty
File: lstmisc.sty 2023/02/27 1.9 (Carsten Heinz)
\c@lstnumber=\count267
\lst@skipnumbers=\count268
\lst@framebox=\box52
) (C:\Users\Diego\AppData\Local\Programs\MiKTeX\tex/latex/listings\listings.cfg
File: listings.cfg 2023/02/27 1.9 listings configuration
))
Package: listings 2023/02/27 1.9 (Carsten Heinz)
 (C:\Users\Diego\AppData\Local\Programs\MiKTeX\tex/latex/url\url.sty
\Urlmuskip=\muskip16
Package: url 2013/09/16  ver 3.4  Verb mode for urls, etc.
) (C:\Users\Diego\AppData\Local\Programs\MiKTeX\tex/latex/l3backend\l3backend-pdftex.def
File: l3backend-pdftex.def 2024-01-04 L3 backend support: PDF output (pdfTeX)
\l__color_backend_stack_int=\count269
\l__pdf_internal_box=\box53
) (c:\Users\Diego\OneDrive - Universidad Rey Juan Carlos\Documentos\GIA_URJC\Curso 2023-24\G.-IA\G.-IA\Curso_2\Cuatri_2\SSOO\Practicas\Practica_1\build\Procedimento.aux)
\openout1 = `Procedimento.aux'.

LaTeX Font Info:    Checking defaults for OML/cmm/m/it on input line 11.
LaTeX Font Info:    ... okay on input line 11.
LaTeX Font Info:    Checking defaults for OMS/cmsy/m/n on input line 11.
LaTeX Font Info:    ... okay on input line 11.
LaTeX Font Info:    Checking defaults for OT1/cmr/m/n on input line 11.
LaTeX Font Info:    ... okay on input line 11.
LaTeX Font Info:    Checking defaults for T1/cmr/m/n on input line 11.
LaTeX Font Info:    ... okay on input line 11.
LaTeX Font Info:    Checking defaults for TS1/cmr/m/n on input line 11.
LaTeX Font Info:    ... okay on input line 11.
LaTeX Font Info:    Checking defaults for OMX/cmex/m/n on input line 11.
LaTeX Font Info:    ... okay on input line 11.
LaTeX Font Info:    Checking defaults for U/cmr/m/n on input line 11.
LaTeX Font Info:    ... okay on input line 11.
 (C:\Users\Diego\AppData\Local\Programs\MiKTeX\tex/context/base/mkii\supp-pdf.mkii
[Loading MPS to PDF converter (version 2006.09.02).]
\scratchcounter=\count270
\scratchdimen=\dimen147
\scratchbox=\box54
\nofMPsegments=\count271
\nofMParguments=\count272
\everyMPshowfont=\toks19
\MPscratchCnt=\count273
\MPscratchDim=\dimen148
\MPnumerator=\count274
\makeMPintoPDFobject=\count275
\everyMPtoPDFconversion=\toks20
) (C:\Users\Diego\AppData\Local\Programs\MiKTeX\tex/latex/epstopdf-pkg\epstopdf-base.sty
Package: epstopdf-base 2020-01-24 v2.11 Base part for package epstopdf
Package epstopdf-base Info: Redefining graphics rule for `.eps' on input line 485.
 (C:\Users\Diego\AppData\Local\Programs\MiKTeX\tex/latex/00miktex\epstopdf-sys.cfg
File: epstopdf-sys.cfg 2021/03/18 v2.0 Configuration of epstopdf for MiKTeX
))
\c@lstlisting=\count276
LaTeX Font Info:    External font `cmex10' loaded for size
(Font)              <12> on input line 12.
LaTeX Font Info:    External font `cmex10' loaded for size
(Font)              <8> on input line 12.
LaTeX Font Info:    External font `cmex10' loaded for size
(Font)              <6> on input line 12.

Overfull \hbox (154.80586pt too wide) in paragraph at lines 35--37
\OT1/cmtt/m/n/10 ssh -i "Llave-Mi[]servidor[]web.pem" ubuntu@ec2-13-53-136-17.eu-north-1.compute.amazonaws.com 
 []


Overfull \hbox (40.99713pt too wide) in paragraph at lines 47--51
\OT1/cmtt/m/n/10 curl -s http://169.254.169.254/latest/meta-data/security-groups/ 
 []


Overfull \hbox (35.74718pt too wide) in paragraph at lines 47--51
\OT1/cmtt/m/n/10 aws ec2 revoke-security-group-ingress --group-id tu-id-de-grupo
 []

[1

{C:/Users/Diego/AppData/Local/MiKTeX/fonts/map/pdftex/pdftex.map}]
<Puertos_de_entrada_1.png, id=13, 1051.67906pt x 587.94656pt>
File: Puertos_de_entrada_1.png Graphic file (type png)
<use Puertos_de_entrada_1.png>
Package pdftex.def Info: Puertos_de_entrada_1.png  used on input line 55.
(pdftex.def)             Requested size: 241.49895pt x 135.00955pt.
 (C:\Users\Diego\AppData\Local\Programs\MiKTeX\tex/latex/listings\lstlang1.sty
File: lstlang1.sty 2023/02/27 1.9 listings language file
) (C:\Users\Diego\AppData\Local\Programs\MiKTeX\tex/latex/listings\lstlang1.sty
File: lstlang1.sty 2023/02/27 1.9 listings language file
) [2 <./Puertos_de_entrada_1.png>]
LaTeX Font Info:    Trying to load font information for OMS+cmr on input line 81.
 (C:\Users\Diego\AppData\Local\Programs\MiKTeX\tex/latex/base\omscmr.fd
File: omscmr.fd 2023/04/13 v2.5m Standard LaTeX font definitions
)
LaTeX Font Info:    Font shape `OMS/cmr/m/n' in size <10> not available
(Font)              Font shape `OMS/cmsy/m/n' tried instead on input line 81.

Overfull \hbox (39.0039pt too wide) in paragraph at lines 81--83
[][][][][][][][][][][][][][][][][][][][][][][][][][][][][][][][][][][][][] 
 []


c:/Users/Diego/OneDrive - Universidad Rey Juan Carlos/Documentos/GIA_URJC/Curso 2023-24/G.-IA/G.-IA/Curso_2/Cuatri_2/SSOO/Practicas/Practica_1/Procedimento.tex:84: LaTeX Error: Invalid UTF-8 byte sequence (\expandafter).

See the LaTeX manual or LaTeX Companion for explanation.
Type  H <return>  for immediate help.
 ...                                              
                                                  
l.84 echo "Archivos de log m谩s 
                                antiguos de 7 d铆as eliminados."
The document does not appear to be in UTF-8 encoding.
Try adding \UseRawInputEncoding as the first line of the file
or specify an encoding such as \usepackage [latin1]{inputenc}
in the document preamble.
Alternatively, save the file in UTF-8 using your editor or another tool


c:/Users/Diego/OneDrive - Universidad Rey Juan Carlos/Documentos/GIA_URJC/Curso 2023-24/G.-IA/G.-IA/Curso_2/Cuatri_2/SSOO/Practicas/Practica_1/Procedimento.tex:84: LaTeX Error: Invalid UTF-8 byte "A1.

See the LaTeX manual or LaTeX Companion for explanation.
Type  H <return>  for immediate help.
 ...                                              
                                                  
l.84 echo "Archivos de log m谩s 
                                antiguos de 7 d铆as eliminados."
The document does not appear to be in UTF-8 encoding.
Try adding \UseRawInputEncoding as the first line of the file
or specify an encoding such as \usepackage [latin1]{inputenc}
in the document preamble.
Alternatively, save the file in UTF-8 using your editor or another tool


c:/Users/Diego/OneDrive - Universidad Rey Juan Carlos/Documentos/GIA_URJC/Curso 2023-24/G.-IA/G.-IA/Curso_2/Cuatri_2/SSOO/Practicas/Practica_1/Procedimento.tex:84: LaTeX Error: Invalid UTF-8 byte sequence (\expandafter).

See the LaTeX manual or LaTeX Companion for explanation.
Type  H <return>  for immediate help.
 ...                                              
                                                  
l.84 ..."Archivos de log m谩s antiguos de 7 d铆as 
                                                  eliminados."
The document does not appear to be in UTF-8 encoding.
Try adding \UseRawInputEncoding as the first line of the file
or specify an encoding such as \usepackage [latin1]{inputenc}
in the document preamble.
Alternatively, save the file in UTF-8 using your editor or another tool


c:/Users/Diego/OneDrive - Universidad Rey Juan Carlos/Documentos/GIA_URJC/Curso 2023-24/G.-IA/G.-IA/Curso_2/Cuatri_2/SSOO/Practicas/Practica_1/Procedimento.tex:84: LaTeX Error: Invalid UTF-8 byte "AD.

See the LaTeX manual or LaTeX Companion for explanation.
Type  H <return>  for immediate help.
 ...                                              
                                                  
l.84 ..."Archivos de log m谩s antiguos de 7 d铆as 
                                                  eliminados."
The document does not appear to be in UTF-8 encoding.
Try adding \UseRawInputEncoding as the first line of the file
or specify an encoding such as \usepackage [latin1]{inputenc}
in the document preamble.
Alternatively, save the file in UTF-8 using your editor or another tool


Overfull \hbox (9.0036pt too wide) in paragraph at lines 84--85
[][][][][][][][][][][][][][][][][][][][][][][][] 
 []


Overfull \hbox (106.49606pt too wide) in paragraph at lines 93--93
[]\OT1/cmtt/m/n/10 0 3 * * * /home/scripts/script_backup.sh > /home/directorio_backup/log_backup.log 2>&1[] 
 []

(C:\Users\Diego\AppData\Local\Programs\MiKTeX\tex/latex/listings\lstlang1.sty
File: lstlang1.sty 2023/02/27 1.9 listings language file
)
Overfull \hbox (195.0055pt too wide) in paragraph at lines 111--113
[][][][][][][][][][][][][][][][][][][][][][][][][][][][][][][][][][][][][][][][][][][][] 
 []


c:/Users/Diego/OneDrive - Universidad Rey Juan Carlos/Documentos/GIA_URJC/Curso 2023-24/G.-IA/G.-IA/Curso_2/Cuatri_2/SSOO/Practicas/Practica_1/Procedimento.tex:115: LaTeX Error: Invalid UTF-8 byte sequence (\expandafter).

See the LaTeX manual or LaTeX Companion for explanation.
Type  H <return>  for immediate help.
 ...                                              
                                                  
l.115     # Implementar l贸gica 
                                para listar servicios en ejecuci贸n
The document does not appear to be in UTF-8 encoding.
Try adding \UseRawInputEncoding as the first line of the file
or specify an encoding such as \usepackage [latin1]{inputenc}
in the document preamble.
Alternatively, save the file in UTF-8 using your editor or another tool


c:/Users/Diego/OneDrive - Universidad Rey Juan Carlos/Documentos/GIA_URJC/Curso 2023-24/G.-IA/G.-IA/Curso_2/Cuatri_2/SSOO/Practicas/Practica_1/Procedimento.tex:115: LaTeX Error: Invalid UTF-8 byte "B3.

See the LaTeX manual or LaTeX Companion for explanation.
Type  H <return>  for immediate help.
 ...                                              
                                                  
l.115     # Implementar l贸gica 
                                para listar servicios en ejecuci贸n
The document does not appear to be in UTF-8 encoding.
Try adding \UseRawInputEncoding as the first line of the file
or specify an encoding such as \usepackage [latin1]{inputenc}
in the document preamble.
Alternatively, save the file in UTF-8 using your editor or another tool


c:/Users/Diego/OneDrive - Universidad Rey Juan Carlos/Documentos/GIA_URJC/Curso 2023-24/G.-IA/G.-IA/Curso_2/Cuatri_2/SSOO/Practicas/Practica_1/Procedimento.tex:115: LaTeX Error: Invalid UTF-8 byte sequence (\expandafter).

See the LaTeX manual or LaTeX Companion for explanation.
Type  H <return>  for immediate help.
 ...                                              
                                                  
l.115 ...gica para listar servicios en ejecuci贸n
                                                  
The document does not appear to be in UTF-8 encoding.
Try adding \UseRawInputEncoding as the first line of the file
or specify an encoding such as \usepackage [latin1]{inputenc}
in the document preamble.
Alternatively, save the file in UTF-8 using your editor or another tool


c:/Users/Diego/OneDrive - Universidad Rey Juan Carlos/Documentos/GIA_URJC/Curso 2023-24/G.-IA/G.-IA/Curso_2/Cuatri_2/SSOO/Practicas/Practica_1/Procedimento.tex:115: LaTeX Error: Invalid UTF-8 byte "B3.

See the LaTeX manual or LaTeX Companion for explanation.
Type  H <return>  for immediate help.
 ...                                              
                                                  
l.115 ...gica para listar servicios en ejecuci贸n
                                                  
The document does not appear to be in UTF-8 encoding.
Try adding \UseRawInputEncoding as the first line of the file
or specify an encoding such as \usepackage [latin1]{inputenc}
in the document preamble.
Alternatively, save the file in UTF-8 using your editor or another tool


Overfull \hbox (21.00372pt too wide) in paragraph at lines 115--116
[][][][][][][][][][][][][][][][][][] 
 []


c:/Users/Diego/OneDrive - Universidad Rey Juan Carlos/Documentos/GIA_URJC/Curso 2023-24/G.-IA/G.-IA/Curso_2/Cuatri_2/SSOO/Practicas/Practica_1/Procedimento.tex:116: LaTeX Error: Invalid UTF-8 byte sequence (\expandafter).

See the LaTeX manual or LaTeX Companion for explanation.
Type  H <return>  for immediate help.
 ...                                              
                                                  
l.116     return "Servicios en ejecuci贸n:
                                           Servicio1, Servicio2, ..."
The document does not appear to be in UTF-8 encoding.
Try adding \UseRawInputEncoding as the first line of the file
or specify an encoding such as \usepackage [latin1]{inputenc}
in the document preamble.
Alternatively, save the file in UTF-8 using your editor or another tool


c:/Users/Diego/OneDrive - Universidad Rey Juan Carlos/Documentos/GIA_URJC/Curso 2023-24/G.-IA/G.-IA/Curso_2/Cuatri_2/SSOO/Practicas/Practica_1/Procedimento.tex:116: LaTeX Error: Invalid UTF-8 byte "B3.

See the LaTeX manual or LaTeX Companion for explanation.
Type  H <return>  for immediate help.
 ...                                              
                                                  
l.116     return "Servicios en ejecuci贸n:
                                           Servicio1, Servicio2, ..."
The document does not appear to be in UTF-8 encoding.
Try adding \UseRawInputEncoding as the first line of the file
or specify an encoding such as \usepackage [latin1]{inputenc}
in the document preamble.
Alternatively, save the file in UTF-8 using your editor or another tool


Overfull \hbox (33.00385pt too wide) in paragraph at lines 116--118
[][][][][][][][][][][][][][][][][][][][][] 
 []

[3] (c:\Users\Diego\OneDrive - Universidad Rey Juan Carlos\Documentos\GIA_URJC\Curso 2023-24\G.-IA\G.-IA\Curso_2\Cuatri_2\SSOO\Practicas\Practica_1\build\Procedimento.aux)
 ***********
LaTeX2e <2023-11-01> patch level 1
L3 programming layer <2024-01-04>
 ***********
 ) 
Here is how much of TeX's memory you used:
 3327 strings out of 474486
 50422 string characters out of 5743775
 1958542 words of memory out of 5000000
 25622 multiletter control sequences out of 15000+600000
 563173 words of font info for 53 fonts, out of 8000000 for 9000
 1141 hyphenation exceptions out of 8191
 57i,7n,65p,599b,1672s stack positions out of 10000i,1000n,20000p,200000b,200000s
 <C:\Users\Diego\AppData\Local\MiKTeX\fonts/pk/ljfour/jknappen/ec/dpi600\tcrm1000.pk><C:/Users/Diego/AppData/Local/Programs/MiKTeX/fonts/type1/public/amsfonts/cm/cmbx10.pfb><C:/Users/Diego/AppData/Local/Programs/MiKTeX/fonts/type1/public/amsfonts/cm/cmbx12.pfb><C:/Users/Diego/AppData/Local/Programs/MiKTeX/fonts/type1/public/amsfonts/cm/cmr10.pfb><C:/Users/Diego/AppData/Local/Programs/MiKTeX/fonts/type1/public/amsfonts/cm/cmr12.pfb><C:/Users/Diego/AppData/Local/Programs/MiKTeX/fonts/type1/public/amsfonts/cm/cmr17.pfb><C:/Users/Diego/AppData/Local/Programs/MiKTeX/fonts/type1/public/amsfonts/cm/cmsy10.pfb><C:/Users/Diego/AppData/Local/Programs/MiKTeX/fonts/type1/public/amsfonts/cm/cmti10.pfb><C:/Users/Diego/AppData/Local/Programs/MiKTeX/fonts/type1/public/amsfonts/cm/cmtt10.pfb>
Output written on "c:\Users\Diego\OneDrive - Universidad Rey Juan Carlos\Documentos\GIA_URJC\Curso 2023-24\G.-IA\G.-IA\Curso_2\Cuatri_2\SSOO\Practicas\Practica_1\build\Procedimento.pdf" (3 pages, 301958 bytes).
PDF statistics:
 63 PDF objects out of 1000 (max. 8388607)
 0 named destinations out of 1000 (max. 500000)
 6 words of extra memory for PDF output out of 10000 (max. 10000000)

